<?xml version="1.0" encoding="UTF-8"?>
<!-- Generated by org.testng.reporters.JUnitReportReporter -->
<testsuite skipped="0" hostname="Sujan" name="seleniumframework.HomePage" tests="2" failures="0" timestamp="2022-03-13T19:03:47 IST" time="43.353" errors="0">
  <testcase name="basePageNavigation" time="21.733" classname="seleniumframework.HomePage"/>
  <system-out/>
  <testcase name="basePageNavigation" time="21.620" classname="seleniumframework.HomePage"/>
  <system-out/>
</testsuite> <!-- seleniumframework.HomePage -->
