<?xml version="1.0" encoding="UTF-8"?>
<!-- Generated by org.testng.reporters.JUnitReportReporter -->
<testsuite skipped="0" hostname="Sujan" name="seleniumframework.HomePage" tests="2" failures="0" timestamp="2022-03-13T20:51:35 IST" time="114.554" errors="0">
  <testcase name="basePageNavigation" time="34.410" classname="seleniumframework.HomePage"/>
  <system-out/>
  <testcase name="basePageNavigation" time="80.144" classname="seleniumframework.HomePage"/>
  <system-out/>
</testsuite> <!-- seleniumframework.HomePage -->
