<?xml version="1.0" encoding="UTF-8"?>
<!-- Generated by org.testng.reporters.JUnitReportReporter -->
<testsuite skipped="0" hostname="Sujan" name="seleniumframework.ValidateNavigationBar" tests="1" failures="0" timestamp="2022-03-13T20:51:35 IST" time="2.761" errors="0">
  <testcase name="basePageNavigation" time="2.761" classname="seleniumframework.ValidateNavigationBar"/>
  <system-out/>
</testsuite> <!-- seleniumframework.ValidateNavigationBar -->
